<?xml version="1.0" encoding="UTF-8"?>
<!-- Generated by org.testng.reporters.JUnitReportReporter -->
<testsuite hostname="Rahank" failures="0" tests="1" name="com.utility.TestRunner" time="68.861" errors="0" timestamp="2025-03-01T10:43:29 IST" skipped="0">
  <testcase classname="com.utility.TestRunner" name="runScenario" time="68.861"/>
</testsuite> <!-- com.utility.TestRunner -->
